# Logfile created on 2011-08-01 13:09:14 -0600 by logger.rb/25413
REQUESTING PAGE: GET / with {} and HTTP headers {}
REQUESTING PAGE: GET /about with {} and HTTP headers {"HTTP_REFERER"=>"/"}
REQUESTING PAGE: GET / with {} and HTTP headers {}
REQUESTING PAGE: GET /about with {} and HTTP headers {"HTTP_REFERER"=>"/"}
REQUESTING PAGE: GET / with {} and HTTP headers {}
REQUESTING PAGE: GET /about with {} and HTTP headers {"HTTP_REFERER"=>"/"}
REQUESTING PAGE: GET / with {} and HTTP headers {}
REQUESTING PAGE: GET /about with {} and HTTP headers {"HTTP_REFERER"=>"/"}
REQUESTING PAGE: GET /help with {} and HTTP headers {"HTTP_REFERER"=>"/about"}
REQUESTING PAGE: GET /contact with {} and HTTP headers {"HTTP_REFERER"=>"/help"}
REQUESTING PAGE: GET / with {} and HTTP headers {"HTTP_REFERER"=>"/contact"}
REQUESTING PAGE: GET /register with {} and HTTP headers {"HTTP_REFERER"=>"/"}
REQUESTING PAGE: GET / with {} and HTTP headers {}
REQUESTING PAGE: GET /about with {} and HTTP headers {"HTTP_REFERER"=>"/"}
REQUESTING PAGE: GET /help with {} and HTTP headers {"HTTP_REFERER"=>"/about"}
REQUESTING PAGE: GET /contact with {} and HTTP headers {"HTTP_REFERER"=>"/help"}
REQUESTING PAGE: GET / with {} and HTTP headers {"HTTP_REFERER"=>"/contact"}
REQUESTING PAGE: GET /register with {} and HTTP headers {"HTTP_REFERER"=>"/"}
REQUESTING PAGE: GET / with {} and HTTP headers {}
REQUESTING PAGE: GET /about with {} and HTTP headers {"HTTP_REFERER"=>"/"}
REQUESTING PAGE: GET /help with {} and HTTP headers {"HTTP_REFERER"=>"/about"}
REQUESTING PAGE: GET /contact with {} and HTTP headers {"HTTP_REFERER"=>"/help"}
REQUESTING PAGE: GET / with {} and HTTP headers {"HTTP_REFERER"=>"/contact"}
REQUESTING PAGE: GET /register with {} and HTTP headers {"HTTP_REFERER"=>"/"}
REQUESTING PAGE: GET / with {} and HTTP headers {}
REQUESTING PAGE: GET /about with {} and HTTP headers {"HTTP_REFERER"=>"/"}
REQUESTING PAGE: GET /help with {} and HTTP headers {"HTTP_REFERER"=>"/about"}
REQUESTING PAGE: GET /contact with {} and HTTP headers {"HTTP_REFERER"=>"/help"}
REQUESTING PAGE: GET / with {} and HTTP headers {"HTTP_REFERER"=>"/contact"}
REQUESTING PAGE: GET /register with {} and HTTP headers {"HTTP_REFERER"=>"/"}
REQUESTING PAGE: GET / with {} and HTTP headers {}
REQUESTING PAGE: GET /about with {} and HTTP headers {"HTTP_REFERER"=>"/"}
REQUESTING PAGE: GET /help with {} and HTTP headers {"HTTP_REFERER"=>"/about"}
REQUESTING PAGE: GET /contact with {} and HTTP headers {"HTTP_REFERER"=>"/help"}
REQUESTING PAGE: GET / with {} and HTTP headers {"HTTP_REFERER"=>"/contact"}
REQUESTING PAGE: GET /register with {} and HTTP headers {"HTTP_REFERER"=>"/"}
REQUESTING PAGE: GET / with {} and HTTP headers {}
REQUESTING PAGE: GET /about with {} and HTTP headers {"HTTP_REFERER"=>"/"}
REQUESTING PAGE: GET /help with {} and HTTP headers {"HTTP_REFERER"=>"/about"}
REQUESTING PAGE: GET /contact with {} and HTTP headers {"HTTP_REFERER"=>"/help"}
REQUESTING PAGE: GET / with {} and HTTP headers {"HTTP_REFERER"=>"/contact"}
REQUESTING PAGE: GET /register with {} and HTTP headers {"HTTP_REFERER"=>"/"}
REQUESTING PAGE: GET / with {} and HTTP headers {}
REQUESTING PAGE: GET /about with {} and HTTP headers {"HTTP_REFERER"=>"/"}
REQUESTING PAGE: GET /help with {} and HTTP headers {"HTTP_REFERER"=>"/about"}
REQUESTING PAGE: GET /contact with {} and HTTP headers {"HTTP_REFERER"=>"/help"}
REQUESTING PAGE: GET / with {} and HTTP headers {"HTTP_REFERER"=>"/contact"}
REQUESTING PAGE: GET /register with {} and HTTP headers {"HTTP_REFERER"=>"/"}
REQUESTING PAGE: GET / with {} and HTTP headers {}
REQUESTING PAGE: GET /about with {} and HTTP headers {"HTTP_REFERER"=>"/"}
REQUESTING PAGE: GET /help with {} and HTTP headers {"HTTP_REFERER"=>"/about"}
REQUESTING PAGE: GET /contact with {} and HTTP headers {"HTTP_REFERER"=>"/help"}
REQUESTING PAGE: GET / with {} and HTTP headers {"HTTP_REFERER"=>"/contact"}
REQUESTING PAGE: GET /register with {} and HTTP headers {"HTTP_REFERER"=>"/"}
REQUESTING PAGE: GET / with {} and HTTP headers {}
REQUESTING PAGE: GET /about with {} and HTTP headers {"HTTP_REFERER"=>"/"}
REQUESTING PAGE: GET /help with {} and HTTP headers {"HTTP_REFERER"=>"/about"}
REQUESTING PAGE: GET /contact with {} and HTTP headers {"HTTP_REFERER"=>"/help"}
REQUESTING PAGE: GET / with {} and HTTP headers {"HTTP_REFERER"=>"/contact"}
REQUESTING PAGE: GET /register with {} and HTTP headers {"HTTP_REFERER"=>"/"}
REQUESTING PAGE: GET / with {} and HTTP headers {}
REQUESTING PAGE: GET /about with {} and HTTP headers {"HTTP_REFERER"=>"/"}
REQUESTING PAGE: GET /help with {} and HTTP headers {"HTTP_REFERER"=>"/about"}
REQUESTING PAGE: GET /contact with {} and HTTP headers {"HTTP_REFERER"=>"/help"}
REQUESTING PAGE: GET / with {} and HTTP headers {"HTTP_REFERER"=>"/contact"}
REQUESTING PAGE: GET /register with {} and HTTP headers {"HTTP_REFERER"=>"/"}
REQUESTING PAGE: GET / with {} and HTTP headers {}
REQUESTING PAGE: GET /about with {} and HTTP headers {"HTTP_REFERER"=>"/"}
REQUESTING PAGE: GET /help with {} and HTTP headers {"HTTP_REFERER"=>"/about"}
REQUESTING PAGE: GET /contact with {} and HTTP headers {"HTTP_REFERER"=>"/help"}
REQUESTING PAGE: GET / with {} and HTTP headers {"HTTP_REFERER"=>"/contact"}
REQUESTING PAGE: GET /register with {} and HTTP headers {"HTTP_REFERER"=>"/"}
REQUESTING PAGE: GET /register with {} and HTTP headers {}
REQUESTING PAGE: POST /users with {"utf8"=>"\xE2\x9C\x93", "authenticity_token"=>"3WRNu7jGKDuqp8G3LxFMDYPJNjM8Ids33qeHSR0AN3o=", "user"=>{"first_name"=>"", "last_name"=>"", "email"=>"", "password"=>"", "password_confirmation"=>""}, "commit"=>"Register"} and HTTP headers {"HTTP_REFERER"=>"/register"}
REQUESTING PAGE: GET / with {} and HTTP headers {}
REQUESTING PAGE: GET /about with {} and HTTP headers {"HTTP_REFERER"=>"/"}
REQUESTING PAGE: GET /help with {} and HTTP headers {"HTTP_REFERER"=>"/about"}
REQUESTING PAGE: GET /contact with {} and HTTP headers {"HTTP_REFERER"=>"/help"}
REQUESTING PAGE: GET / with {} and HTTP headers {"HTTP_REFERER"=>"/contact"}
REQUESTING PAGE: GET /register with {} and HTTP headers {"HTTP_REFERER"=>"/"}
REQUESTING PAGE: GET /register with {} and HTTP headers {}
REQUESTING PAGE: POST /users with {"utf8"=>"\xE2\x9C\x93", "user"=>{"first_name"=>"", "last_name"=>"", "email"=>"", "password"=>"", "password_confirmation"=>""}, "commit"=>"Register"} and HTTP headers {"HTTP_REFERER"=>"/register"}
REQUESTING PAGE: GET /register with {} and HTTP headers {}
REQUESTING PAGE: POST /users with {"utf8"=>"\xE2\x9C\x93", "authenticity_token"=>"MyCVq85G5tKbD2fkTGSmq7nK0GZwip5VeoX1nGedW5U=", "user"=>{"first_name"=>"", "last_name"=>"", "email"=>"", "password"=>"", "password_confirmation"=>""}, "commit"=>"Register"} and HTTP headers {"HTTP_REFERER"=>"/register"}
REQUESTING PAGE: GET /register with {} and HTTP headers {}
REQUESTING PAGE: POST /users with {"utf8"=>"\xE2\x9C\x93", "authenticity_token"=>"eogAbojM0ivzFE9d8XN1nJvD6W/xtPqosisfZDnwROs=", "user"=>{"first_name"=>"", "last_name"=>"", "email"=>"", "password"=>"", "password_confirmation"=>""}, "commit"=>"Register"} and HTTP headers {"HTTP_REFERER"=>"/register"}
REQUESTING PAGE: GET /register with {} and HTTP headers {}
REQUESTING PAGE: POST /users with {"utf8"=>"\xE2\x9C\x93", "authenticity_token"=>"FzCO4KKwB5sbgFAuaV+N9ewymrHNB2VAvWIHxjHQX8g=", "user"=>{"first_name"=>"Test", "last_name"=>"Averde", "email"=>"irony@example.com", "password"=>"snafudo", "password_confirmation"=>"snafudo"}, "commit"=>"Register"} and HTTP headers {"HTTP_REFERER"=>"/register"}
REQUESTING PAGE: GET http://www.example.com/users/240 with {} and HTTP headers {"HTTP_REFERER"=>"/users"}
REQUESTING PAGE: GET /register with {} and HTTP headers {}
REQUESTING PAGE: POST /users with {"utf8"=>"\xE2\x9C\x93", "authenticity_token"=>"ry6QeiF2rVpHN3wnIFDLTBC8/YUb+RaJ6ANw5r8ypjg=", "user"=>{"first_name"=>"", "last_name"=>"", "email"=>"", "password"=>"", "password_confirmation"=>""}, "commit"=>"Register"} and HTTP headers {"HTTP_REFERER"=>"/register"}
REQUESTING PAGE: GET /register with {} and HTTP headers {}
REQUESTING PAGE: POST /users with {"utf8"=>"\xE2\x9C\x93", "authenticity_token"=>"gIbJIFXCGBwu1tSAx0zI7uTVGgKJU0dnMteTYEzHueI=", "user"=>{"first_name"=>"", "last_name"=>"Averde", "email"=>"irony@example.com", "password"=>"snafudo", "password_confirmation"=>"snafudo"}, "commit"=>"Register"} and HTTP headers {"HTTP_REFERER"=>"/register"}
REQUESTING PAGE: GET /register with {} and HTTP headers {}
REQUESTING PAGE: POST /users with {"utf8"=>"\xE2\x9C\x93", "authenticity_token"=>"KYkrLBw5DN1DDRt/nrIhdmSZb4VO0pGdisycQhu5aOQ=", "user"=>{"first_name"=>"", "last_name"=>"", "email"=>"", "password"=>"", "password_confirmation"=>""}, "commit"=>"Register"} and HTTP headers {"HTTP_REFERER"=>"/register"}
REQUESTING PAGE: GET /register with {} and HTTP headers {}
REQUESTING PAGE: POST /users with {"utf8"=>"\xE2\x9C\x93", "authenticity_token"=>"PaouID+gBdRgBg/rq1Rfv5J3SSRqbD8yjxM+Qbvjy3M=", "user"=>{"first_name"=>"Test", "last_name"=>"Averde", "email"=>"irony@example.com", "password"=>"snafudo", "password_confirmation"=>"snafudo"}, "commit"=>"Register"} and HTTP headers {"HTTP_REFERER"=>"/register"}
REQUESTING PAGE: GET http://www.example.com/users/241 with {} and HTTP headers {"HTTP_REFERER"=>"/users"}
REQUESTING PAGE: GET / with {} and HTTP headers {}
REQUESTING PAGE: GET /about with {} and HTTP headers {"HTTP_REFERER"=>"/"}
REQUESTING PAGE: GET /help with {} and HTTP headers {"HTTP_REFERER"=>"/about"}
REQUESTING PAGE: GET /contact with {} and HTTP headers {"HTTP_REFERER"=>"/help"}
REQUESTING PAGE: GET / with {} and HTTP headers {"HTTP_REFERER"=>"/contact"}
REQUESTING PAGE: GET /register with {} and HTTP headers {"HTTP_REFERER"=>"/"}
REQUESTING PAGE: GET /register with {} and HTTP headers {}
REQUESTING PAGE: POST /users with {"utf8"=>"\xE2\x9C\x93", "user"=>{"first_name"=>"", "last_name"=>"", "email"=>"", "password"=>"", "password_confirmation"=>""}, "commit"=>"Register"} and HTTP headers {"HTTP_REFERER"=>"/register"}
REQUESTING PAGE: GET /register with {} and HTTP headers {}
REQUESTING PAGE: POST /users with {"utf8"=>"\xE2\x9C\x93", "user"=>{"first_name"=>"Test", "last_name"=>"Averde", "email"=>"irony@example.com", "password"=>"snafudo", "password_confirmation"=>"snafudo"}, "commit"=>"Register"} and HTTP headers {"HTTP_REFERER"=>"/register"}
REQUESTING PAGE: GET http://www.example.com/users/260 with {} and HTTP headers {"HTTP_REFERER"=>"/users"}
REQUESTING PAGE: GET / with {} and HTTP headers {}
REQUESTING PAGE: GET /about with {} and HTTP headers {"HTTP_REFERER"=>"/"}
REQUESTING PAGE: GET /help with {} and HTTP headers {"HTTP_REFERER"=>"/about"}
REQUESTING PAGE: GET /contact with {} and HTTP headers {"HTTP_REFERER"=>"/help"}
REQUESTING PAGE: GET / with {} and HTTP headers {"HTTP_REFERER"=>"/contact"}
REQUESTING PAGE: GET /register with {} and HTTP headers {"HTTP_REFERER"=>"/"}
REQUESTING PAGE: GET /register with {} and HTTP headers {}
REQUESTING PAGE: POST /users with {"utf8"=>"\xE2\x9C\x93", "user"=>{"first_name"=>"", "last_name"=>"", "email"=>"", "password"=>"", "password_confirmation"=>""}, "commit"=>"Register"} and HTTP headers {"HTTP_REFERER"=>"/register"}
REQUESTING PAGE: GET /register with {} and HTTP headers {}
REQUESTING PAGE: POST /users with {"utf8"=>"\xE2\x9C\x93", "user"=>{"first_name"=>"Test", "last_name"=>"Averde", "email"=>"irony@example.com", "password"=>"snafudo", "password_confirmation"=>"snafudo"}, "commit"=>"Register"} and HTTP headers {"HTTP_REFERER"=>"/register"}
REQUESTING PAGE: GET http://www.example.com/users/295 with {} and HTTP headers {"HTTP_REFERER"=>"/users"}
REQUESTING PAGE: GET / with {} and HTTP headers {}
REQUESTING PAGE: GET /about with {} and HTTP headers {"HTTP_REFERER"=>"/"}
REQUESTING PAGE: GET /help with {} and HTTP headers {"HTTP_REFERER"=>"/about"}
REQUESTING PAGE: GET /contact with {} and HTTP headers {"HTTP_REFERER"=>"/help"}
REQUESTING PAGE: GET / with {} and HTTP headers {"HTTP_REFERER"=>"/contact"}
REQUESTING PAGE: GET /register with {} and HTTP headers {"HTTP_REFERER"=>"/"}
REQUESTING PAGE: GET /register with {} and HTTP headers {}
REQUESTING PAGE: POST /users with {"utf8"=>"\xE2\x9C\x93", "user"=>{"first_name"=>"", "last_name"=>"", "email"=>"", "password"=>"", "password_confirmation"=>""}, "commit"=>"Register"} and HTTP headers {"HTTP_REFERER"=>"/register"}
REQUESTING PAGE: GET /register with {} and HTTP headers {}
REQUESTING PAGE: POST /users with {"utf8"=>"\xE2\x9C\x93", "user"=>{"first_name"=>"Test", "last_name"=>"Averde", "email"=>"irony@example.com", "password"=>"snafudo", "password_confirmation"=>"snafudo"}, "commit"=>"Register"} and HTTP headers {"HTTP_REFERER"=>"/register"}
REQUESTING PAGE: GET http://www.example.com/users/330 with {} and HTTP headers {"HTTP_REFERER"=>"/users"}
REQUESTING PAGE: GET /register with {} and HTTP headers {}
REQUESTING PAGE: POST /users with {"utf8"=>"\xE2\x9C\x93", "authenticity_token"=>"WQYL5+cvYTKfLUB20Fx9MrxB2wfu9NyvYE4DhNbkk6c=", "user"=>{"first_name"=>"", "last_name"=>"", "email"=>"", "password"=>"", "password_confirmation"=>""}, "commit"=>"Register"} and HTTP headers {"HTTP_REFERER"=>"/register"}
REQUESTING PAGE: GET /register with {} and HTTP headers {}
REQUESTING PAGE: GET /register with {} and HTTP headers {}
REQUESTING PAGE: POST /users with {"utf8"=>"\xE2\x9C\x93", "authenticity_token"=>"JCPgw62TOEIqueG/7FKsaRyLSkorkXAaLpCDNRoOvrk=", "user"=>{"first_name"=>"Test", "last_name"=>"Averde", "email"=>"irony@example.com", "password"=>"snafudo", "password_confirmation"=>"snafudo"}, "commit"=>"Register"} and HTTP headers {"HTTP_REFERER"=>"/register"}
REQUESTING PAGE: GET http://www.example.com/users/359 with {} and HTTP headers {"HTTP_REFERER"=>"/users"}
REQUESTING PAGE: GET /register with {} and HTTP headers {}
REQUESTING PAGE: POST /users with {"utf8"=>"\xE2\x9C\x93", "authenticity_token"=>"Ao0iaZqkLkhttKDDxZ+Vm7QGxMV7oBQ3n5s/ohE98Pg=", "user"=>{"first_name"=>"", "last_name"=>"", "email"=>"", "password"=>"", "password_confirmation"=>""}, "commit"=>"Register"} and HTTP headers {"HTTP_REFERER"=>"/register"}
REQUESTING PAGE: GET /register with {} and HTTP headers {}
REQUESTING PAGE: GET /register with {} and HTTP headers {}
REQUESTING PAGE: POST /users with {"utf8"=>"\xE2\x9C\x93", "authenticity_token"=>"rwgfdhMYvEidQkFv9oE5NgXYIHzYbsSn6Gys3Srwp0g=", "user"=>{"first_name"=>"Test", "last_name"=>"Averde", "email"=>"irony@example.com", "password"=>"snafudo", "password_confirmation"=>"snafudo"}, "commit"=>"Register"} and HTTP headers {"HTTP_REFERER"=>"/register"}
REQUESTING PAGE: GET http://www.example.com/users/360 with {} and HTTP headers {"HTTP_REFERER"=>"/users"}
REQUESTING PAGE: GET /register with {} and HTTP headers {}
REQUESTING PAGE: POST /users with {"utf8"=>"\xE2\x9C\x93", "authenticity_token"=>"6nKs7Ck+iSqfQA+ovqhelHRecwq501LuDRaabERtHh0=", "user"=>{"first_name"=>"", "last_name"=>"", "email"=>"", "password"=>"", "password_confirmation"=>""}, "commit"=>"Register"} and HTTP headers {"HTTP_REFERER"=>"/register"}
REQUESTING PAGE: GET /register with {} and HTTP headers {}
REQUESTING PAGE: GET /register with {} and HTTP headers {}
REQUESTING PAGE: POST /users with {"utf8"=>"\xE2\x9C\x93", "authenticity_token"=>"Z9NNKGKZNDV2Xi7czax1II19Qrr83reF/hBooGNcWes=", "user"=>{"first_name"=>"Test", "last_name"=>"Averde", "email"=>"irony@example.com", "password"=>"snafudo", "password_confirmation"=>"snafudo"}, "commit"=>"Register"} and HTTP headers {"HTTP_REFERER"=>"/register"}
REQUESTING PAGE: GET http://www.example.com/users/361 with {} and HTTP headers {"HTTP_REFERER"=>"/users"}
REQUESTING PAGE: GET / with {} and HTTP headers {}
REQUESTING PAGE: GET /about with {} and HTTP headers {"HTTP_REFERER"=>"/"}
REQUESTING PAGE: GET /help with {} and HTTP headers {"HTTP_REFERER"=>"/about"}
REQUESTING PAGE: GET /contact with {} and HTTP headers {"HTTP_REFERER"=>"/help"}
REQUESTING PAGE: GET / with {} and HTTP headers {"HTTP_REFERER"=>"/contact"}
REQUESTING PAGE: GET /register with {} and HTTP headers {"HTTP_REFERER"=>"/"}
REQUESTING PAGE: GET /register with {} and HTTP headers {}
REQUESTING PAGE: POST /users with {"utf8"=>"\xE2\x9C\x93", "user"=>{"first_name"=>"", "last_name"=>"", "email"=>"", "password"=>"", "password_confirmation"=>""}, "commit"=>"Register"} and HTTP headers {"HTTP_REFERER"=>"/register"}
REQUESTING PAGE: GET /register with {} and HTTP headers {}
REQUESTING PAGE: GET /register with {} and HTTP headers {}
REQUESTING PAGE: POST /users with {"utf8"=>"\xE2\x9C\x93", "user"=>{"first_name"=>"Test", "last_name"=>"Averde", "email"=>"irony@example.com", "password"=>"snafudo", "password_confirmation"=>"snafudo"}, "commit"=>"Register"} and HTTP headers {"HTTP_REFERER"=>"/register"}
REQUESTING PAGE: GET http://www.example.com/users/380 with {} and HTTP headers {"HTTP_REFERER"=>"/users"}
